# JRE version: Java(TM) SE Runtime Environment (8.0_144-b01) (build 1.8.0_144-b01)
# Java VM: Java HotSpot(TM) 64-Bit Server VM (25.144-b01 mixed mode linux-amd64 compressed oops)
Heap:
 PSYoungGen      total 136192K, used 7831K [0x00000000d6f00000, 0x00000000e0700000, 0x0000000100000000)
  eden space 121856K, 0% used [0x00000000d6f00000,0x00000000d6f00000,0x00000000de600000)
  from space 14336K, 54% used [0x00000000de600000,0x00000000deda5ef8,0x00000000df400000)
  to   space 9216K, 0% used [0x00000000df400000,0x00000000df400000,0x00000000dfd00000)
 ParOldGen       total 84992K, used 17099K [0x0000000084c00000, 0x0000000089f00000, 0x00000000d6f00000)
  object space 84992K, 20% used [0x0000000084c00000,0x0000000085cb2e68,0x0000000089f00000)
 Metaspace       used 20644K, capacity 21116K, committed 21296K, reserved 1069056K
  class space    used 2432K, capacity 2598K, committed 2688K, reserved 1048576K
GC Heap History (10 events):
Event: 1,365 GC heap after
Heap after GC invocations=2 (full 0):
 PSYoungGen      total 36864K, used 5097K [0x00000000d6f00000, 0x00000000db700000, 0x0000000100000000)
  eden space 31744K, 0% used [0x00000000d6f00000,0x00000000d6f00000,0x00000000d8e00000)
  from space 5120K, 99% used [0x00000000d9300000,0x00000000d97fa5a0,0x00000000d9800000)
  to   space 5120K, 0% used [0x00000000d8e00000,0x00000000d8e00000,0x00000000d9300000)
 ParOldGen       total 84992K, used 1882K [0x0000000084c00000, 0x0000000089f00000, 0x00000000d6f00000)
  object space 84992K, 2% used [0x0000000084c00000,0x0000000084dd6938,0x0000000089f00000)
 Metaspace       used 13080K, capacity 13426K, committed 13568K, reserved 1060864K
  class space    used 1613K, capacity 1725K, committed 1792K, reserved 1048576K
}
Event: 1,910 GC heap before
{Heap before GC invocations=3 (full 0):
 PSYoungGen      total 36864K, used 36841K [0x00000000d6f00000, 0x00000000db700000, 0x0000000100000000)
  eden space 31744K, 100% used [0x00000000d6f00000,0x00000000d8e00000,0x00000000d8e00000)
  from space 5120K, 99% used [0x00000000d9300000,0x00000000d97fa5a0,0x00000000d9800000)
  to   space 5120K, 0% used [0x00000000d8e00000,0x00000000d8e00000,0x00000000d9300000)
 ParOldGen       total 84992K, used 1882K [0x0000000084c00000, 0x0000000089f00000, 0x00000000d6f00000)
  object space 84992K, 2% used [0x0000000084c00000,0x0000000084dd6938,0x0000000089f00000)
 Metaspace       used 13553K, capacity 13960K, committed 14080K, reserved 1060864K
  class space    used 1646K, capacity 1766K, committed 1792K, reserved 1048576K
Event: 1,938 GC heap after
Heap after GC invocations=3 (full 0):
 PSYoungGen      total 36864K, used 5088K [0x00000000d6f00000, 0x00000000db700000, 0x0000000100000000)
  eden space 31744K, 0% used [0x00000000d6f00000,0x00000000d6f00000,0x00000000d8e00000)
  from space 5120K, 99% used [0x00000000d8e00000,0x00000000d92f8020,0x00000000d9300000)
  to   space 5120K, 0% used [0x00000000db200000,0x00000000db200000,0x00000000db700000)
 ParOldGen       total 84992K, used 2563K [0x0000000084c00000, 0x0000000089f00000, 0x00000000d6f00000)
  object space 84992K, 3% used [0x0000000084c00000,0x0000000084e80cf8,0x0000000089f00000)
 Metaspace       used 13553K, capacity 13960K, committed 14080K, reserved 1060864K
  class space    used 1646K, capacity 1766K, committed 1792K, reserved 1048576K
}
Event: 2,362 GC heap before
{Heap before GC invocations=4 (full 0):
 PSYoungGen      total 36864K, used 36832K [0x00000000d6f00000, 0x00000000db700000, 0x0000000100000000)
  eden space 31744K, 100% used [0x00000000d6f00000,0x00000000d8e00000,0x00000000d8e00000)
  from space 5120K, 99% used [0x00000000d8e00000,0x00000000d92f8020,0x00000000d9300000)
  to   space 5120K, 0% used [0x00000000db200000,0x00000000db200000,0x00000000db700000)
 ParOldGen       total 84992K, used 2563K [0x0000000084c00000, 0x0000000089f00000, 0x00000000d6f00000)
  object space 84992K, 3% used [0x0000000084c00000,0x0000000084e80cf8,0x0000000089f00000)
 Metaspace       used 14081K, capacity 14464K, committed 14720K, reserved 1062912K
  class space    used 1704K, capacity 1806K, committed 1920K, reserved 1048576K
Event: 2,377 GC heap after
Heap after GC invocations=4 (full 0):
 PSYoungGen      total 68608K, used 5104K [0x00000000d6f00000, 0x00000000db700000, 0x0000000100000000)
  eden space 63488K, 0% used [0x00000000d6f00000,0x00000000d6f00000,0x00000000dad00000)
  from space 5120K, 99% used [0x00000000db200000,0x00000000db6fc010,0x00000000db700000)
  to   space 5120K, 0% used [0x00000000dad00000,0x00000000dad00000,0x00000000db200000)
 ParOldGen       total 84992K, used 4198K [0x0000000084c00000, 0x0000000089f00000, 0x00000000d6f00000)
  object space 84992K, 4% used [0x0000000084c00000,0x00000000850198a8,0x0000000089f00000)
 Metaspace       used 14081K, capacity 14464K, committed 14720K, reserved 1062912K
  class space    used 1704K, capacity 1806K, committed 1920K, reserved 1048576K
}
Event: 3,064 GC heap before
{Heap before GC invocations=5 (full 0):
 PSYoungGen      total 68608K, used 68576K [0x00000000d6f00000, 0x00000000db700000, 0x0000000100000000)
  eden space 63488K, 99% used [0x00000000d6f00000,0x00000000dacfc2e8,0x00000000dad00000)
  from space 5120K, 99% used [0x00000000db200000,0x00000000db6fc010,0x00000000db700000)
  to   space 5120K, 0% used [0x00000000dad00000,0x00000000dad00000,0x00000000db200000)
 ParOldGen       total 84992K, used 4198K [0x0000000084c00000, 0x0000000089f00000, 0x00000000d6f00000)
  object space 84992K, 4% used [0x0000000084c00000,0x00000000850198a8,0x0000000089f00000)
 Metaspace       used 18529K, capacity 19004K, committed 19072K, reserved 1067008K
  class space    used 2269K, capacity 2406K, committed 2432K, reserved 1048576K
Event: 3,085 GC heap after
Heap after GC invocations=5 (full 0):
 PSYoungGen      total 68608K, used 5114K [0x00000000d6f00000, 0x00000000dfd00000, 0x0000000100000000)
  eden space 63488K, 0% used [0x00000000d6f00000,0x00000000d6f00000,0x00000000dad00000)
  from space 5120K, 99% used [0x00000000dad00000,0x00000000db1fe8a0,0x00000000db200000)
  to   space 9216K, 0% used [0x00000000df400000,0x00000000df400000,0x00000000dfd00000)
 ParOldGen       total 84992K, used 7507K [0x0000000084c00000, 0x0000000089f00000, 0x00000000d6f00000)
  object space 84992K, 8% used [0x0000000084c00000,0x0000000085354f80,0x0000000089f00000)
 Metaspace       used 18529K, capacity 19004K, committed 19072K, reserved 1067008K
  class space    used 2269K, capacity 2406K, committed 2432K, reserved 1048576K
}
Event: 3,803 GC heap before
{Heap before GC invocations=6 (full 0):
 PSYoungGen      total 68608K, used 68602K [0x00000000d6f00000, 0x00000000dfd00000, 0x0000000100000000)
  eden space 63488K, 100% used [0x00000000d6f00000,0x00000000dad00000,0x00000000dad00000)
  from space 5120K, 99% used [0x00000000dad00000,0x00000000db1fe8a0,0x00000000db200000)
  to   space 9216K, 0% used [0x00000000df400000,0x00000000df400000,0x00000000dfd00000)
 ParOldGen       total 84992K, used 7507K [0x0000000084c00000, 0x0000000089f00000, 0x00000000d6f00000)
  object space 84992K, 8% used [0x0000000084c00000,0x0000000085354f80,0x0000000089f00000)
 Metaspace       used 20141K, capacity 20604K, committed 20736K, reserved 1067008K
  class space    used 2404K, capacity 2534K, committed 2560K, reserved 1048576K
Event: 3,882 GC heap after
Heap after GC invocations=6 (full 0):
 PSYoungGen      total 131072K, used 9207K [0x00000000d6f00000, 0x00000000e0700000, 0x0000000100000000)
  eden space 121856K, 0% used [0x00000000d6f00000,0x00000000d6f00000,0x00000000de600000)
  from space 9216K, 99% used [0x00000000df400000,0x00000000dfcfdf08,0x00000000dfd00000)
  to   space 14336K, 0% used [0x00000000de600000,0x00000000de600000,0x00000000df400000)
 ParOldGen       total 84992K, used 15203K [0x0000000084c00000, 0x0000000089f00000, 0x00000000d6f00000)
  object space 84992K, 17% used [0x0000000084c00000,0x0000000085ad8e08,0x0000000089f00000)
 Metaspace       used 20141K, capacity 20604K, committed 20736K, reserved 1067008K
  class space    used 2404K, capacity 2534K, committed 2560K, reserved 1048576K
}
Event: 4,410 GC heap before
{Heap before GC invocations=7 (full 0):
 PSYoungGen      total 131072K, used 16593K [0x00000000d6f00000, 0x00000000e0700000, 0x0000000100000000)
  eden space 121856K, 6% used [0x00000000d6f00000,0x00000000d7636768,0x00000000de600000)
  from space 9216K, 99% used [0x00000000df400000,0x00000000dfcfdf08,0x00000000dfd00000)
  to   space 14336K, 0% used [0x00000000de600000,0x00000000de600000,0x00000000df400000)
 ParOldGen       total 84992K, used 15203K [0x0000000084c00000, 0x0000000089f00000, 0x00000000d6f00000)
  object space 84992K, 17% used [0x0000000084c00000,0x0000000085ad8e08,0x0000000089f00000)
 Metaspace       used 20644K, capacity 21116K, committed 21296K, reserved 1069056K
  class space    used 2432K, capacity 2598K, committed 2688K, reserved 1048576K

