# JRE version: Java(TM) SE Runtime Environment (8.0_144-b01) (build 1.8.0_144-b01)
# Java VM: Java HotSpot(TM) 64-Bit Server VM (25.144-b01 mixed mode linux-amd64 compressed oops)
Heap:
 PSYoungGen      total 136192K, used 7828K [0x00000000d6f00000, 0x00000000e0800000, 0x0000000100000000)
  eden space 121344K, 0% used [0x00000000d6f00000,0x00000000d6f00000,0x00000000de580000)
  from space 14848K, 52% used [0x00000000de580000,0x00000000ded251a0,0x00000000df400000)
  to   space 9216K, 0% used [0x00000000df400000,0x00000000df400000,0x00000000dfd00000)
 ParOldGen       total 84992K, used 17467K [0x0000000084c00000, 0x0000000089f00000, 0x00000000d6f00000)
  object space 84992K, 20% used [0x0000000084c00000,0x0000000085d0edb8,0x0000000089f00000)
 Metaspace       used 20799K, capacity 21188K, committed 21248K, reserved 1069056K
  class space    used 2440K, capacity 2558K, committed 2560K, reserved 1048576K
GC Heap History (10 events):
Event: 1,400 GC heap after
Heap after GC invocations=2 (full 0):
 PSYoungGen      total 36864K, used 5098K [0x00000000d6f00000, 0x00000000db700000, 0x0000000100000000)
  eden space 31744K, 0% used [0x00000000d6f00000,0x00000000d6f00000,0x00000000d8e00000)
  from space 5120K, 99% used [0x00000000d9300000,0x00000000d97faa70,0x00000000d9800000)
  to   space 5120K, 0% used [0x00000000d8e00000,0x00000000d8e00000,0x00000000d9300000)
 ParOldGen       total 84992K, used 1834K [0x0000000084c00000, 0x0000000089f00000, 0x00000000d6f00000)
  object space 84992K, 2% used [0x0000000084c00000,0x0000000084dcab70,0x0000000089f00000)
 Metaspace       used 13098K, capacity 13490K, committed 13824K, reserved 1060864K
  class space    used 1613K, capacity 1725K, committed 1792K, reserved 1048576K
}
Event: 1,859 GC heap before
{Heap before GC invocations=3 (full 0):
 PSYoungGen      total 36864K, used 36842K [0x00000000d6f00000, 0x00000000db700000, 0x0000000100000000)
  eden space 31744K, 100% used [0x00000000d6f00000,0x00000000d8e00000,0x00000000d8e00000)
  from space 5120K, 99% used [0x00000000d9300000,0x00000000d97faa70,0x00000000d9800000)
  to   space 5120K, 0% used [0x00000000d8e00000,0x00000000d8e00000,0x00000000d9300000)
 ParOldGen       total 84992K, used 1834K [0x0000000084c00000, 0x0000000089f00000, 0x00000000d6f00000)
  object space 84992K, 2% used [0x0000000084c00000,0x0000000084dcab70,0x0000000089f00000)
 Metaspace       used 13577K, capacity 13960K, committed 14080K, reserved 1060864K
  class space    used 1648K, capacity 1766K, committed 1792K, reserved 1048576K
Event: 1,870 GC heap after
Heap after GC invocations=3 (full 0):
 PSYoungGen      total 36864K, used 5088K [0x00000000d6f00000, 0x00000000db700000, 0x0000000100000000)
  eden space 31744K, 0% used [0x00000000d6f00000,0x00000000d6f00000,0x00000000d8e00000)
  from space 5120K, 99% used [0x00000000d8e00000,0x00000000d92f8020,0x00000000d9300000)
  to   space 5120K, 0% used [0x00000000db200000,0x00000000db200000,0x00000000db700000)
 ParOldGen       total 84992K, used 2442K [0x0000000084c00000, 0x0000000089f00000, 0x00000000d6f00000)
  object space 84992K, 2% used [0x0000000084c00000,0x0000000084e62918,0x0000000089f00000)
 Metaspace       used 13577K, capacity 13960K, committed 14080K, reserved 1060864K
  class space    used 1648K, capacity 1766K, committed 1792K, reserved 1048576K
}
Event: 2,209 GC heap before
{Heap before GC invocations=4 (full 0):
 PSYoungGen      total 36864K, used 36832K [0x00000000d6f00000, 0x00000000db700000, 0x0000000100000000)
  eden space 31744K, 100% used [0x00000000d6f00000,0x00000000d8e00000,0x00000000d8e00000)
  from space 5120K, 99% used [0x00000000d8e00000,0x00000000d92f8020,0x00000000d9300000)
  to   space 5120K, 0% used [0x00000000db200000,0x00000000db200000,0x00000000db700000)
 ParOldGen       total 84992K, used 2442K [0x0000000084c00000, 0x0000000089f00000, 0x00000000d6f00000)
  object space 84992K, 2% used [0x0000000084c00000,0x0000000084e62918,0x0000000089f00000)
 Metaspace       used 13848K, capacity 14216K, committed 14336K, reserved 1062912K
  class space    used 1653K, capacity 1766K, committed 1792K, reserved 1048576K
Event: 2,220 GC heap after
Heap after GC invocations=4 (full 0):
 PSYoungGen      total 68608K, used 5088K [0x00000000d6f00000, 0x00000000db700000, 0x0000000100000000)
  eden space 63488K, 0% used [0x00000000d6f00000,0x00000000d6f00000,0x00000000dad00000)
  from space 5120K, 99% used [0x00000000db200000,0x00000000db6f8020,0x00000000db700000)
  to   space 5120K, 0% used [0x00000000dad00000,0x00000000dad00000,0x00000000db200000)
 ParOldGen       total 84992K, used 3726K [0x0000000084c00000, 0x0000000089f00000, 0x00000000d6f00000)
  object space 84992K, 4% used [0x0000000084c00000,0x0000000084fa3a10,0x0000000089f00000)
 Metaspace       used 13848K, capacity 14216K, committed 14336K, reserved 1062912K
  class space    used 1653K, capacity 1766K, committed 1792K, reserved 1048576K
}
Event: 2,841 GC heap before
{Heap before GC invocations=5 (full 0):
 PSYoungGen      total 68608K, used 68544K [0x00000000d6f00000, 0x00000000db700000, 0x0000000100000000)
  eden space 63488K, 99% used [0x00000000d6f00000,0x00000000dacf8380,0x00000000dad00000)
  from space 5120K, 99% used [0x00000000db200000,0x00000000db6f8020,0x00000000db700000)
  to   space 5120K, 0% used [0x00000000dad00000,0x00000000dad00000,0x00000000db200000)
 ParOldGen       total 84992K, used 3726K [0x0000000084c00000, 0x0000000089f00000, 0x00000000d6f00000)
  object space 84992K, 4% used [0x0000000084c00000,0x0000000084fa3a10,0x0000000089f00000)
 Metaspace       used 18477K, capacity 18916K, committed 19072K, reserved 1067008K
  class space    used 2257K, capacity 2398K, committed 2432K, reserved 1048576K
Event: 2,861 GC heap after
Heap after GC invocations=5 (full 0):
 PSYoungGen      total 68608K, used 5088K [0x00000000d6f00000, 0x00000000dfd00000, 0x0000000100000000)
  eden space 63488K, 0% used [0x00000000d6f00000,0x00000000d6f00000,0x00000000dad00000)
  from space 5120K, 99% used [0x00000000dad00000,0x00000000db1f8280,0x00000000db200000)
  to   space 9216K, 0% used [0x00000000df400000,0x00000000df400000,0x00000000dfd00000)
 ParOldGen       total 84992K, used 7260K [0x0000000084c00000, 0x0000000089f00000, 0x00000000d6f00000)
  object space 84992K, 8% used [0x0000000084c00000,0x0000000085317188,0x0000000089f00000)
 Metaspace       used 18477K, capacity 18916K, committed 19072K, reserved 1067008K
  class space    used 2257K, capacity 2398K, committed 2432K, reserved 1048576K
}
Event: 3,678 GC heap before
{Heap before GC invocations=6 (full 0):
 PSYoungGen      total 68608K, used 68576K [0x00000000d6f00000, 0x00000000dfd00000, 0x0000000100000000)
  eden space 63488K, 100% used [0x00000000d6f00000,0x00000000dad00000,0x00000000dad00000)
  from space 5120K, 99% used [0x00000000dad00000,0x00000000db1f8280,0x00000000db200000)
  to   space 9216K, 0% used [0x00000000df400000,0x00000000df400000,0x00000000dfd00000)
 ParOldGen       total 84992K, used 7260K [0x0000000084c00000, 0x0000000089f00000, 0x00000000d6f00000)
  object space 84992K, 8% used [0x0000000084c00000,0x0000000085317188,0x0000000089f00000)
 Metaspace       used 20476K, capacity 20932K, committed 20992K, reserved 1067008K
  class space    used 2419K, capacity 2558K, committed 2560K, reserved 1048576K
Event: 3,703 GC heap after
Heap after GC invocations=6 (full 0):
 PSYoungGen      total 130560K, used 9191K [0x00000000d6f00000, 0x00000000e0800000, 0x0000000100000000)
  eden space 121344K, 0% used [0x00000000d6f00000,0x00000000d6f00000,0x00000000de580000)
  from space 9216K, 99% used [0x00000000df400000,0x00000000dfcf9f38,0x00000000dfd00000)
  to   space 14848K, 0% used [0x00000000de580000,0x00000000de580000,0x00000000df400000)
 ParOldGen       total 84992K, used 15115K [0x0000000084c00000, 0x0000000089f00000, 0x00000000d6f00000)
  object space 84992K, 17% used [0x0000000084c00000,0x0000000085ac2d48,0x0000000089f00000)
 Metaspace       used 20476K, capacity 20932K, committed 20992K, reserved 1067008K
  class space    used 2419K, capacity 2558K, committed 2560K, reserved 1048576K
}
Event: 6,549 GC heap before
{Heap before GC invocations=7 (full 0):
 PSYoungGen      total 130560K, used 23760K [0x00000000d6f00000, 0x00000000e0800000, 0x0000000100000000)
  eden space 121344K, 12% used [0x00000000d6f00000,0x00000000d7d3a260,0x00000000de580000)
  from space 9216K, 99% used [0x00000000df400000,0x00000000dfcf9f38,0x00000000dfd00000)
  to   space 14848K, 0% used [0x00000000de580000,0x00000000de580000,0x00000000df400000)
 ParOldGen       total 84992K, used 15115K [0x0000000084c00000, 0x0000000089f00000, 0x00000000d6f00000)
  object space 84992K, 17% used [0x0000000084c00000,0x0000000085ac2d48,0x0000000089f00000)
 Metaspace       used 20799K, capacity 21188K, committed 21248K, reserved 1069056K
  class space    used 2440K, capacity 2558K, committed 2560K, reserved 1048576K

