# JRE version: Java(TM) SE Runtime Environment (8.0_144-b01) (build 1.8.0_144-b01)
# Java VM: Java HotSpot(TM) 64-Bit Server VM (25.144-b01 mixed mode linux-amd64 compressed oops)
Heap:
 PSYoungGen      total 136192K, used 8141K [0x00000000d6f00000, 0x00000000e0700000, 0x0000000100000000)
  eden space 121856K, 0% used [0x00000000d6f00000,0x00000000d6f00000,0x00000000de600000)
  from space 14336K, 56% used [0x00000000de600000,0x00000000dedf3440,0x00000000df400000)
  to   space 9216K, 0% used [0x00000000df400000,0x00000000df400000,0x00000000dfd00000)
 ParOldGen       total 84992K, used 16481K [0x0000000084c00000, 0x0000000089f00000, 0x00000000d6f00000)
  object space 84992K, 19% used [0x0000000084c00000,0x0000000085c185d8,0x0000000089f00000)
 Metaspace       used 20661K, capacity 21116K, committed 21296K, reserved 1069056K
  class space    used 2434K, capacity 2598K, committed 2688K, reserved 1048576K
GC Heap History (10 events):
Event: 1,442 GC heap after
Heap after GC invocations=2 (full 0):
 PSYoungGen      total 36864K, used 5113K [0x00000000d6f00000, 0x00000000db700000, 0x0000000100000000)
  eden space 31744K, 0% used [0x00000000d6f00000,0x00000000d6f00000,0x00000000d8e00000)
  from space 5120K, 99% used [0x00000000d9300000,0x00000000d97fe590,0x00000000d9800000)
  to   space 5120K, 0% used [0x00000000d8e00000,0x00000000d8e00000,0x00000000d9300000)
 ParOldGen       total 84992K, used 1801K [0x0000000084c00000, 0x0000000089f00000, 0x00000000d6f00000)
  object space 84992K, 2% used [0x0000000084c00000,0x0000000084dc2510,0x0000000089f00000)
 Metaspace       used 13073K, capacity 13426K, committed 13568K, reserved 1060864K
  class space    used 1612K, capacity 1725K, committed 1792K, reserved 1048576K
}
Event: 1,782 GC heap before
{Heap before GC invocations=3 (full 0):
 PSYoungGen      total 36864K, used 36857K [0x00000000d6f00000, 0x00000000db700000, 0x0000000100000000)
  eden space 31744K, 100% used [0x00000000d6f00000,0x00000000d8e00000,0x00000000d8e00000)
  from space 5120K, 99% used [0x00000000d9300000,0x00000000d97fe590,0x00000000d9800000)
  to   space 5120K, 0% used [0x00000000d8e00000,0x00000000d8e00000,0x00000000d9300000)
 ParOldGen       total 84992K, used 1801K [0x0000000084c00000, 0x0000000089f00000, 0x00000000d6f00000)
  object space 84992K, 2% used [0x0000000084c00000,0x0000000084dc2510,0x0000000089f00000)
 Metaspace       used 13520K, capacity 13896K, committed 14080K, reserved 1060864K
  class space    used 1644K, capacity 1766K, committed 1792K, reserved 1048576K
Event: 1,794 GC heap after
Heap after GC invocations=3 (full 0):
 PSYoungGen      total 36864K, used 5088K [0x00000000d6f00000, 0x00000000db700000, 0x0000000100000000)
  eden space 31744K, 0% used [0x00000000d6f00000,0x00000000d6f00000,0x00000000d8e00000)
  from space 5120K, 99% used [0x00000000d8e00000,0x00000000d92f8040,0x00000000d9300000)
  to   space 5120K, 0% used [0x00000000db200000,0x00000000db200000,0x00000000db700000)
 ParOldGen       total 84992K, used 2484K [0x0000000084c00000, 0x0000000089f00000, 0x00000000d6f00000)
  object space 84992K, 2% used [0x0000000084c00000,0x0000000084e6d1c0,0x0000000089f00000)
 Metaspace       used 13520K, capacity 13896K, committed 14080K, reserved 1060864K
  class space    used 1644K, capacity 1766K, committed 1792K, reserved 1048576K
}
Event: 2,177 GC heap before
{Heap before GC invocations=4 (full 0):
 PSYoungGen      total 36864K, used 36832K [0x00000000d6f00000, 0x00000000db700000, 0x0000000100000000)
  eden space 31744K, 100% used [0x00000000d6f00000,0x00000000d8e00000,0x00000000d8e00000)
  from space 5120K, 99% used [0x00000000d8e00000,0x00000000d92f8040,0x00000000d9300000)
  to   space 5120K, 0% used [0x00000000db200000,0x00000000db200000,0x00000000db700000)
 ParOldGen       total 84992K, used 2484K [0x0000000084c00000, 0x0000000089f00000, 0x00000000d6f00000)
  object space 84992K, 2% used [0x0000000084c00000,0x0000000084e6d1c0,0x0000000089f00000)
 Metaspace       used 14061K, capacity 14464K, committed 14720K, reserved 1062912K
  class space    used 1704K, capacity 1806K, committed 1920K, reserved 1048576K
Event: 2,215 GC heap after
Heap after GC invocations=4 (full 0):
 PSYoungGen      total 68608K, used 5104K [0x00000000d6f00000, 0x00000000db700000, 0x0000000100000000)
  eden space 63488K, 0% used [0x00000000d6f00000,0x00000000d6f00000,0x00000000dad00000)
  from space 5120K, 99% used [0x00000000db200000,0x00000000db6fc030,0x00000000db700000)
  to   space 5120K, 0% used [0x00000000dad00000,0x00000000dad00000,0x00000000db200000)
 ParOldGen       total 84992K, used 4065K [0x0000000084c00000, 0x0000000089f00000, 0x00000000d6f00000)
  object space 84992K, 4% used [0x0000000084c00000,0x0000000084ff84d8,0x0000000089f00000)
 Metaspace       used 14061K, capacity 14464K, committed 14720K, reserved 1062912K
  class space    used 1704K, capacity 1806K, committed 1920K, reserved 1048576K
}
Event: 3,046 GC heap before
{Heap before GC invocations=5 (full 0):
 PSYoungGen      total 68608K, used 68577K [0x00000000d6f00000, 0x00000000db700000, 0x0000000100000000)
  eden space 63488K, 99% used [0x00000000d6f00000,0x00000000dacfc4b8,0x00000000dad00000)
  from space 5120K, 99% used [0x00000000db200000,0x00000000db6fc030,0x00000000db700000)
  to   space 5120K, 0% used [0x00000000dad00000,0x00000000dad00000,0x00000000db200000)
 ParOldGen       total 84992K, used 4065K [0x0000000084c00000, 0x0000000089f00000, 0x00000000d6f00000)
  object space 84992K, 4% used [0x0000000084c00000,0x0000000084ff84d8,0x0000000089f00000)
 Metaspace       used 18549K, capacity 19004K, committed 19072K, reserved 1067008K
  class space    used 2268K, capacity 2406K, committed 2432K, reserved 1048576K
Event: 3,083 GC heap after
Heap after GC invocations=5 (full 0):
 PSYoungGen      total 68608K, used 5099K [0x00000000d6f00000, 0x00000000dfd00000, 0x0000000100000000)
  eden space 63488K, 0% used [0x00000000d6f00000,0x00000000d6f00000,0x00000000dad00000)
  from space 5120K, 99% used [0x00000000dad00000,0x00000000db1fae10,0x00000000db200000)
  to   space 9216K, 0% used [0x00000000df400000,0x00000000df400000,0x00000000dfd00000)
 ParOldGen       total 84992K, used 7476K [0x0000000084c00000, 0x0000000089f00000, 0x00000000d6f00000)
  object space 84992K, 8% used [0x0000000084c00000,0x000000008534d020,0x0000000089f00000)
 Metaspace       used 18549K, capacity 19004K, committed 19072K, reserved 1067008K
  class space    used 2268K, capacity 2406K, committed 2432K, reserved 1048576K
}
Event: 3,809 GC heap before
{Heap before GC invocations=6 (full 0):
 PSYoungGen      total 68608K, used 68587K [0x00000000d6f00000, 0x00000000dfd00000, 0x0000000100000000)
  eden space 63488K, 100% used [0x00000000d6f00000,0x00000000dad00000,0x00000000dad00000)
  from space 5120K, 99% used [0x00000000dad00000,0x00000000db1fae10,0x00000000db200000)
  to   space 9216K, 0% used [0x00000000df400000,0x00000000df400000,0x00000000dfd00000)
 ParOldGen       total 84992K, used 7476K [0x0000000084c00000, 0x0000000089f00000, 0x00000000d6f00000)
  object space 84992K, 8% used [0x0000000084c00000,0x000000008534d020,0x0000000089f00000)
 Metaspace       used 20225K, capacity 20732K, committed 20992K, reserved 1067008K
  class space    used 2405K, capacity 2534K, committed 2560K, reserved 1048576K
Event: 3,847 GC heap after
Heap after GC invocations=6 (full 0):
 PSYoungGen      total 131072K, used 9209K [0x00000000d6f00000, 0x00000000e0700000, 0x0000000100000000)
  eden space 121856K, 0% used [0x00000000d6f00000,0x00000000d6f00000,0x00000000de600000)
  from space 9216K, 99% used [0x00000000df400000,0x00000000dfcfe450,0x00000000dfd00000)
  to   space 14336K, 0% used [0x00000000de600000,0x00000000de600000,0x00000000df400000)
 ParOldGen       total 84992K, used 15065K [0x0000000084c00000, 0x0000000089f00000, 0x00000000d6f00000)
  object space 84992K, 17% used [0x0000000084c00000,0x0000000085ab6578,0x0000000089f00000)
 Metaspace       used 20225K, capacity 20732K, committed 20992K, reserved 1067008K
  class space    used 2405K, capacity 2534K, committed 2560K, reserved 1048576K
}
Event: 4,071 GC heap before
{Heap before GC invocations=7 (full 0):
 PSYoungGen      total 131072K, used 16610K [0x00000000d6f00000, 0x00000000e0700000, 0x0000000100000000)
  eden space 121856K, 6% used [0x00000000d6f00000,0x00000000d763a550,0x00000000de600000)
  from space 9216K, 99% used [0x00000000df400000,0x00000000dfcfe450,0x00000000dfd00000)
  to   space 14336K, 0% used [0x00000000de600000,0x00000000de600000,0x00000000df400000)
 ParOldGen       total 84992K, used 15065K [0x0000000084c00000, 0x0000000089f00000, 0x00000000d6f00000)
  object space 84992K, 17% used [0x0000000084c00000,0x0000000085ab6578,0x0000000089f00000)
 Metaspace       used 20661K, capacity 21116K, committed 21296K, reserved 1069056K
  class space    used 2434K, capacity 2598K, committed 2688K, reserved 1048576K

