# JRE version: Java(TM) SE Runtime Environment (8.0_144-b01) (build 1.8.0_144-b01)
# Java VM: Java HotSpot(TM) 64-Bit Server VM (25.144-b01 mixed mode linux-amd64 compressed oops)
Heap:
 PSYoungGen      total 135680K, used 6930K [0x00000000d6f00000, 0x00000000e0700000, 0x0000000100000000)
  eden space 121344K, 0% used [0x00000000d6f00000,0x00000000d6f00000,0x00000000de580000)
  from space 14336K, 48% used [0x00000000de580000,0x00000000dec44b80,0x00000000df380000)
  to   space 8704K, 0% used [0x00000000df380000,0x00000000df380000,0x00000000dfc00000)
 ParOldGen       total 84992K, used 18064K [0x0000000084c00000, 0x0000000089f00000, 0x00000000d6f00000)
  object space 84992K, 21% used [0x0000000084c00000,0x0000000085da42b8,0x0000000089f00000)
 Metaspace       used 20755K, capacity 21188K, committed 21248K, reserved 1069056K
  class space    used 2441K, capacity 2558K, committed 2560K, reserved 1048576K
GC Heap History (10 events):
Event: 1,391 GC heap after
Heap after GC invocations=2 (full 0):
 PSYoungGen      total 36864K, used 5108K [0x00000000d6f00000, 0x00000000db700000, 0x0000000100000000)
  eden space 31744K, 0% used [0x00000000d6f00000,0x00000000d6f00000,0x00000000d8e00000)
  from space 5120K, 99% used [0x00000000d9300000,0x00000000d97fd2f0,0x00000000d9800000)
  to   space 5120K, 0% used [0x00000000d8e00000,0x00000000d8e00000,0x00000000d9300000)
 ParOldGen       total 84992K, used 1776K [0x0000000084c00000, 0x0000000089f00000, 0x00000000d6f00000)
  object space 84992K, 2% used [0x0000000084c00000,0x0000000084dbc278,0x0000000089f00000)
 Metaspace       used 13087K, capacity 13490K, committed 13824K, reserved 1060864K
  class space    used 1613K, capacity 1725K, committed 1792K, reserved 1048576K
}
Event: 1,786 GC heap before
{Heap before GC invocations=3 (full 0):
 PSYoungGen      total 36864K, used 36852K [0x00000000d6f00000, 0x00000000db700000, 0x0000000100000000)
  eden space 31744K, 100% used [0x00000000d6f00000,0x00000000d8e00000,0x00000000d8e00000)
  from space 5120K, 99% used [0x00000000d9300000,0x00000000d97fd2f0,0x00000000d9800000)
  to   space 5120K, 0% used [0x00000000d8e00000,0x00000000d8e00000,0x00000000d9300000)
 ParOldGen       total 84992K, used 1776K [0x0000000084c00000, 0x0000000089f00000, 0x00000000d6f00000)
  object space 84992K, 2% used [0x0000000084c00000,0x0000000084dbc278,0x0000000089f00000)
 Metaspace       used 13598K, capacity 13960K, committed 14080K, reserved 1060864K
  class space    used 1652K, capacity 1766K, committed 1792K, reserved 1048576K
Event: 1,794 GC heap after
Heap after GC invocations=3 (full 0):
 PSYoungGen      total 36864K, used 5088K [0x00000000d6f00000, 0x00000000db700000, 0x0000000100000000)
  eden space 31744K, 0% used [0x00000000d6f00000,0x00000000d6f00000,0x00000000d8e00000)
  from space 5120K, 99% used [0x00000000d8e00000,0x00000000d92f8020,0x00000000d9300000)
  to   space 5120K, 0% used [0x00000000db200000,0x00000000db200000,0x00000000db700000)
 ParOldGen       total 84992K, used 2540K [0x0000000084c00000, 0x0000000089f00000, 0x00000000d6f00000)
  object space 84992K, 2% used [0x0000000084c00000,0x0000000084e7b118,0x0000000089f00000)
 Metaspace       used 13598K, capacity 13960K, committed 14080K, reserved 1060864K
  class space    used 1652K, capacity 1766K, committed 1792K, reserved 1048576K
}
Event: 2,073 GC heap before
{Heap before GC invocations=4 (full 0):
 PSYoungGen      total 36864K, used 36832K [0x00000000d6f00000, 0x00000000db700000, 0x0000000100000000)
  eden space 31744K, 100% used [0x00000000d6f00000,0x00000000d8e00000,0x00000000d8e00000)
  from space 5120K, 99% used [0x00000000d8e00000,0x00000000d92f8020,0x00000000d9300000)
  to   space 5120K, 0% used [0x00000000db200000,0x00000000db200000,0x00000000db700000)
 ParOldGen       total 84992K, used 2540K [0x0000000084c00000, 0x0000000089f00000, 0x00000000d6f00000)
  object space 84992K, 2% used [0x0000000084c00000,0x0000000084e7b118,0x0000000089f00000)
 Metaspace       used 13795K, capacity 14152K, committed 14336K, reserved 1062912K
  class space    used 1654K, capacity 1766K, committed 1792K, reserved 1048576K
Event: 2,082 GC heap after
Heap after GC invocations=4 (full 0):
 PSYoungGen      total 68608K, used 5088K [0x00000000d6f00000, 0x00000000db700000, 0x0000000100000000)
  eden space 63488K, 0% used [0x00000000d6f00000,0x00000000d6f00000,0x00000000dad00000)
  from space 5120K, 99% used [0x00000000db200000,0x00000000db6f8020,0x00000000db700000)
  to   space 5120K, 0% used [0x00000000dad00000,0x00000000dad00000,0x00000000db200000)
 ParOldGen       total 84992K, used 3652K [0x0000000084c00000, 0x0000000089f00000, 0x00000000d6f00000)
  object space 84992K, 4% used [0x0000000084c00000,0x0000000084f91118,0x0000000089f00000)
 Metaspace       used 13795K, capacity 14152K, committed 14336K, reserved 1062912K
  class space    used 1654K, capacity 1766K, committed 1792K, reserved 1048576K
}
Event: 2,702 GC heap before
{Heap before GC invocations=5 (full 0):
 PSYoungGen      total 68608K, used 68551K [0x00000000d6f00000, 0x00000000db700000, 0x0000000100000000)
  eden space 63488K, 99% used [0x00000000d6f00000,0x00000000dacf9f50,0x00000000dad00000)
  from space 5120K, 99% used [0x00000000db200000,0x00000000db6f8020,0x00000000db700000)
  to   space 5120K, 0% used [0x00000000dad00000,0x00000000dad00000,0x00000000db200000)
 ParOldGen       total 84992K, used 3652K [0x0000000084c00000, 0x0000000089f00000, 0x00000000d6f00000)
  object space 84992K, 4% used [0x0000000084c00000,0x0000000084f91118,0x0000000089f00000)
 Metaspace       used 18404K, capacity 18916K, committed 19072K, reserved 1067008K
  class space    used 2259K, capacity 2398K, committed 2432K, reserved 1048576K
Event: 2,721 GC heap after
Heap after GC invocations=5 (full 0):
 PSYoungGen      total 68608K, used 5119K [0x00000000d6f00000, 0x00000000dfc00000, 0x0000000100000000)
  eden space 63488K, 0% used [0x00000000d6f00000,0x00000000d6f00000,0x00000000dad00000)
  from space 5120K, 99% used [0x00000000dad00000,0x00000000db1fff98,0x00000000db200000)
  to   space 8704K, 0% used [0x00000000df380000,0x00000000df380000,0x00000000dfc00000)
 ParOldGen       total 84992K, used 7132K [0x0000000084c00000, 0x0000000089f00000, 0x00000000d6f00000)
  object space 84992K, 8% used [0x0000000084c00000,0x00000000852f7330,0x0000000089f00000)
 Metaspace       used 18404K, capacity 18916K, committed 19072K, reserved 1067008K
  class space    used 2259K, capacity 2398K, committed 2432K, reserved 1048576K
}
Event: 3,489 GC heap before
{Heap before GC invocations=6 (full 0):
 PSYoungGen      total 68608K, used 68607K [0x00000000d6f00000, 0x00000000dfc00000, 0x0000000100000000)
  eden space 63488K, 100% used [0x00000000d6f00000,0x00000000dad00000,0x00000000dad00000)
  from space 5120K, 99% used [0x00000000dad00000,0x00000000db1fff98,0x00000000db200000)
  to   space 8704K, 0% used [0x00000000df380000,0x00000000df380000,0x00000000dfc00000)
 ParOldGen       total 84992K, used 7132K [0x0000000084c00000, 0x0000000089f00000, 0x00000000d6f00000)
  object space 84992K, 8% used [0x0000000084c00000,0x00000000852f7330,0x0000000089f00000)
 Metaspace       used 20358K, capacity 20868K, committed 20992K, reserved 1067008K
  class space    used 2422K, capacity 2558K, committed 2560K, reserved 1048576K
Event: 3,516 GC heap after
Heap after GC invocations=6 (full 0):
 PSYoungGen      total 130048K, used 8673K [0x00000000d6f00000, 0x00000000e0700000, 0x0000000100000000)
  eden space 121344K, 0% used [0x00000000d6f00000,0x00000000d6f00000,0x00000000de580000)
  from space 8704K, 99% used [0x00000000df380000,0x00000000dfbf8640,0x00000000dfc00000)
  to   space 14336K, 0% used [0x00000000de580000,0x00000000de580000,0x00000000df380000)
 ParOldGen       total 84992K, used 15526K [0x0000000084c00000, 0x0000000089f00000, 0x00000000d6f00000)
  object space 84992K, 18% used [0x0000000084c00000,0x0000000085b29a68,0x0000000089f00000)
 Metaspace       used 20358K, capacity 20868K, committed 20992K, reserved 1067008K
  class space    used 2422K, capacity 2558K, committed 2560K, reserved 1048576K
}
Event: 3,841 GC heap before
{Heap before GC invocations=7 (full 0):
 PSYoungGen      total 130048K, used 19886K [0x00000000d6f00000, 0x00000000e0700000, 0x0000000100000000)
  eden space 121344K, 9% used [0x00000000d6f00000,0x00000000d79f33a8,0x00000000de580000)
  from space 8704K, 99% used [0x00000000df380000,0x00000000dfbf8640,0x00000000dfc00000)
  to   space 14336K, 0% used [0x00000000de580000,0x00000000de580000,0x00000000df380000)
 ParOldGen       total 84992K, used 15526K [0x0000000084c00000, 0x0000000089f00000, 0x00000000d6f00000)
  object space 84992K, 18% used [0x0000000084c00000,0x0000000085b29a68,0x0000000089f00000)
 Metaspace       used 20755K, capacity 21188K, committed 21248K, reserved 1069056K
  class space    used 2441K, capacity 2558K, committed 2560K, reserved 1048576K

